<?xml version="1.0" encoding="UTF-8"?>
<!-- Generated by org.testng.reporters.JUnitReportReporter -->
<testsuite skipped="0" hostname="Marko-PC" name="tests.CartTest" tests="9" failures="0" timestamp="13 apr 2020 01:26:46 GMT" time="47.654" errors="0">
  <testcase name="addToCartTest" time="8.762" classname="tests.CartTest"/>
  <testcase name="emptyCartTest" time="5.082" classname="tests.CartTest"/>
  <testcase name="emptyCartTest" time="5.132" classname="tests.CartTest"/>
  <testcase name="countCartTest" time="2.802" classname="tests.CartTest"/>
  <testcase name="addToCartTest" time="8.305" classname="tests.CartTest"/>
  <testcase name="countCartTest" time="1.742" classname="tests.CartTest"/>
  <testcase name="addToCartTest" time="7.691" classname="tests.CartTest"/>
  <testcase name="emptyCartTest" time="5.281" classname="tests.CartTest"/>
  <testcase name="countCartTest" time="2.857" classname="tests.CartTest"/>
</testsuite> <!-- tests.CartTest -->
