<?xml version="1.0" encoding="UTF-8"?>
<!-- Generated by org.testng.reporters.JUnitReportReporter -->
<testsuite skipped="0" hostname="Marko-PC" name="c16_03_2020.SearchTest" tests="1" failures="0" timestamp="19 mar 2020 15:12:45 GMT" time="63.405" errors="0">
  <testcase name="orderTest" time="63.405" classname="c16_03_2020.SearchTest"/>
</testsuite> <!-- c16_03_2020.SearchTest -->
