<?xml version="1.0" encoding="UTF-8"?>
<!-- Generated by org.testng.reporters.JUnitReportReporter -->
<testsuite skipped="0" hostname="Marko-PC" name="tests.HomePageTest" tests="3" failures="0" timestamp="13 apr 2020 01:26:46 GMT" time="15.272" errors="0">
  <testcase name="enterTest" time="2.971" classname="tests.HomePageTest"/>
  <testcase name="enterTest" time="4.108" classname="tests.HomePageTest"/>
  <testcase name="enterTest" time="8.193" classname="tests.HomePageTest"/>
</testsuite> <!-- tests.HomePageTest -->
