<?xml version="1.0" encoding="UTF-8"?>
<!-- Generated by org.testng.reporters.JUnitReportReporter -->
<testsuite skipped="0" hostname="Marko-PC" name="d16_03_2020.SearchTest" tests="1" failures="0" timestamp="18 mar 2020 19:50:58 GMT" time="52.798" errors="0">
  <testcase name="loginTest" time="52.798" classname="d16_03_2020.SearchTest"/>
</testsuite> <!-- d16_03_2020.SearchTest -->
