<?xml version="1.0" encoding="UTF-8"?>
<!-- Generated by org.testng.reporters.JUnitReportReporter -->
<testsuite skipped="0" hostname="Marko-PC" name="d13_03_2020.Zadatak1" tests="1" failures="0" timestamp="15 mar 2020 14:10:16 GMT" time="32.176" errors="0">
  <testcase name="titleTest" time="32.176" classname="d13_03_2020.Zadatak1"/>
</testsuite> <!-- d13_03_2020.Zadatak1 -->
