<?xml version="1.0" encoding="UTF-8"?>
<!-- Generated by org.testng.reporters.JUnitReportReporter -->
<testsuite skipped="0" hostname="Marko-PC" name="d13_03_2020.Zadatak3" tests="1" failures="0" timestamp="15 mar 2020 16:00:52 GMT" time="9.918" errors="0">
  <testcase name="cookieTest" time="9.918" classname="d13_03_2020.Zadatak3"/>
</testsuite> <!-- d13_03_2020.Zadatak3 -->
