<?xml version="1.0" encoding="UTF-8"?>
<!-- Generated by org.testng.reporters.JUnitReportReporter -->
<testsuite skipped="0" hostname="Marko-PC" name="tests.SignInTest" tests="3" failures="0" timestamp="13 apr 2020 01:26:46 GMT" time="252.129" errors="0">
  <testcase name="SignInTests" time="84.646" classname="tests.SignInTest"/>
  <testcase name="SignInTests" time="95.895" classname="tests.SignInTest"/>
  <testcase name="SignInTests" time="71.588" classname="tests.SignInTest"/>
</testsuite> <!-- tests.SignInTest -->
